Fatal Python error: init_import_site: Failed to import the site module
Python runtime state: initialized
Traceback (most recent call last):
  File "/data/leslie/sarthak/environments/chrombpnet/lib/python3.10/site.py", line 617, in <module>
    main()
  File "/data/leslie/sarthak/environments/chrombpnet/lib/python3.10/site.py", line 604, in main
    known_paths = addsitepackages(known_paths)
  File "/data/leslie/sarthak/environments/chrombpnet/lib/python3.10/site.py", line 387, in addsitepackages
    addsitedir(sitedir, known_paths)
  File "/data/leslie/sarthak/environments/chrombpnet/lib/python3.10/site.py", line 226, in addsitedir
    addpackage(sitedir, name, known_paths)
  File "/data/leslie/sarthak/environments/chrombpnet/lib/python3.10/site.py", line 186, in addpackage
    exec(line)
  File "<string>", line 1, in <module>
  File "/data/leslie/sarthak/environments/chrombpnet/lib/python3.10/importlib/util.py", line 14, in <module>
    from contextlib import contextmanager
  File "<frozen importlib._bootstrap>", line 1027, in _find_and_load
  File "<frozen importlib._bootstrap>", line 1006, in _find_and_load_unlocked
  File "<frozen importlib._bootstrap>", line 688, in _load_unlocked
  File "<frozen importlib._bootstrap_external>", line 879, in exec_module
  File "<frozen importlib._bootstrap_external>", line 975, in get_code
  File "<frozen importlib._bootstrap_external>", line 1074, in get_data
KeyboardInterrupt
