Sender: LSF System <lsfadmin@lt05>
Subject: Job 7096664: <#!/bin/bash; # Source the bashrc file;source ~/.bashrc; # LSF directives;#BSUB -q gpuqueue;#BSUB -n 1;#BSUB -gpu "num=1";#BSUB -R "rusage[mem=32]";#BSUB -sla llSC2;#BSUB -W 35:00;#BSUB -o /data/leslie/sarthak/chrombpnet/jobs/%J.out;#BSUB -e /data/leslie/sarthak/chrombpnet/jobs/%J.err; # Activate your environment;source ~/mambaforge/etc/profile.d/mamba.sh  # Adjust this line to your environment activation command; mamba activate /data/leslie/sarthak/environments/chrombpnet; cd /data/leslie/sarthak/data/chrombpnet_test/; #run the code;python /data/leslie/sarthak/chrombpnet/chrombpnet/CHROMBPNET.py pipeline \;        -ibam merged.bam \;        -d "ATAC" \;        -g hg38.fa \;        -c hg38.chrom.sizes \;        -p peaks_no_blacklist.bed \;        -n output_negatives.bed \;        -fl splits/fold_0.json \;        -b bias_model_1000/models/k562_bias.h5 \;        -o chrombpnet_model_1000/ \;        -il 1024 \;        -ol 800 \;        -dil 5 \;        --skip_preprocessing \;        --save_data '/data/leslie/sarthak/data/chrombpnet_test/chrombpnet_data_1000/'; #chrombpnet> in cluster <lila> Exited

Job <#!/bin/bash; # Source the bashrc file;source ~/.bashrc; # LSF directives;#BSUB -q gpuqueue;#BSUB -n 1;#BSUB -gpu "num=1";#BSUB -R "rusage[mem=32]";#BSUB -sla llSC2;#BSUB -W 35:00;#BSUB -o /data/leslie/sarthak/chrombpnet/jobs/%J.out;#BSUB -e /data/leslie/sarthak/chrombpnet/jobs/%J.err; # Activate your environment;source ~/mambaforge/etc/profile.d/mamba.sh  # Adjust this line to your environment activation command; mamba activate /data/leslie/sarthak/environments/chrombpnet; cd /data/leslie/sarthak/data/chrombpnet_test/; #run the code;python /data/leslie/sarthak/chrombpnet/chrombpnet/CHROMBPNET.py pipeline \;        -ibam merged.bam \;        -d "ATAC" \;        -g hg38.fa \;        -c hg38.chrom.sizes \;        -p peaks_no_blacklist.bed \;        -n output_negatives.bed \;        -fl splits/fold_0.json \;        -b bias_model_1000/models/k562_bias.h5 \;        -o chrombpnet_model_1000/ \;        -il 1024 \;        -ol 800 \;        -dil 5 \;        --skip_preprocessing \;        --save_data '/data/leslie/sarthak/data/chrombpnet_test/chrombpnet_data_1000/'; #chrombpnet> was submitted from host <lt20> by user <tiwaris2> in cluster <lila> at Fri Jun 14 09:30:07 2024
Job was executed on host(s) <lt05>, in queue <gpuqueue>, as user <tiwaris2> in cluster <lila> at Fri Jun 14 09:30:08 2024
</home/tiwaris2> was used as the home directory.
</data/leslie/sarthak/data/chrombpnet_test> was used as the working directory.
Started at Fri Jun 14 09:30:08 2024
Terminated at Fri Jun 14 09:45:58 2024
Results reported at Fri Jun 14 09:45:58 2024

Your job looked like:

------------------------------------------------------------
# LSBATCH: User input
#!/bin/bash

# Source the bashrc file
source ~/.bashrc

# LSF directives
#BSUB -q gpuqueue
#BSUB -n 1
#BSUB -gpu "num=1"
#BSUB -R "rusage[mem=32]"
#BSUB -sla llSC2
#BSUB -W 35:00
#BSUB -o /data/leslie/sarthak/chrombpnet/jobs/%J.out
#BSUB -e /data/leslie/sarthak/chrombpnet/jobs/%J.err

# Activate your environment
source ~/mambaforge/etc/profile.d/mamba.sh  # Adjust this line to your environment activation command

mamba activate /data/leslie/sarthak/environments/chrombpnet

cd /data/leslie/sarthak/data/chrombpnet_test/

#run the code
python /data/leslie/sarthak/chrombpnet/chrombpnet/CHROMBPNET.py pipeline \
        -ibam merged.bam \
        -d "ATAC" \
        -g hg38.fa \
        -c hg38.chrom.sizes \
        -p peaks_no_blacklist.bed \
        -n output_negatives.bed \
        -fl splits/fold_0.json \
        -b bias_model_1000/models/k562_bias.h5 \
        -o chrombpnet_model_1000/ \
        -il 1024 \
        -ol 800 \
        -dil 5 \
        --skip_preprocessing \
        --save_data '/data/leslie/sarthak/data/chrombpnet_test/chrombpnet_data_1000/'

#chrombpnet
------------------------------------------------------------

Exited with exit code 1.

Resource usage summary:

    CPU time :                                   1525.00 sec.
    Max Memory :                                 15 GB
    Average Memory :                             7.35 GB
    Total Requested Memory :                     32.00 GB
    Delta Memory :                               17.00 GB
    Max Swap :                                   -
    Max Processes :                              5
    Max Threads :                                24
    Run time :                                   952 sec.
    Turnaround time :                            951 sec.

The output (if any) follows:

preprocessing already done, skipiping
{'counts_loss_weight': '64.7', 'filters': '512', 'n_dil_layers': '5', 'bias_model_path': 'chrombpnet_model_1000/models/bias_model_scaled.h5', 'inputlen': '1024', 'outputlen': '800', 'max_jitter': '500', 'chr_fold_path': 'splits/fold_0.json', 'negative_sampling_ratio': '0.1'}
got the model
data will be saved
loading peaks...
got split:train for bed regions:(220311, 10)
loading nonpeaks...
got split:train for bed regions:(220201, 10)


PS:

Read file </data/leslie/sarthak/chrombpnet/jobs/7096664.err> for stderr output of this job.

