Sender: LSF System <lsfadmin@lt15>
Subject: Job 7329621: <#!/bin/bash; # Source the bashrc file;source ~/.bashrc; # LSF directives;#BSUB -q gpuqueue;#BSUB -n 1;#BSUB -gpu "num=1";#BSUB -R "rusage[mem=32]";#BSUB -sla llSC2;#BSUB -W 5:00;#BSUB -o /data/leslie/sarthak/chrombpnet/jobs/%J.out;#BSUB -e /data/leslie/sarthak/chrombpnet/jobs/%J.err; # Activate your environment;source ~/mambaforge/etc/profile.d/mamba.sh  # Adjust this line to your environment activation command; mamba activate /data/leslie/sarthak/environments/chrombpnet; cd /data/leslie/sarthak/data/chrombpnet_test/; python /data/leslie/sarthak/chrombpnet/chrombpnet/CHROMBPNET.py bias pipeline \;        -ibam merged.bam \;        -d "ATAC" \;        -g hg38.fa \;        -c hg38.chrom.sizes \;        -p peaks_no_blacklist.bed \;        -n output_negatives.bed \;        -fl splits/fold_0.json \;        -b 0.5 \;        -o bias_model_1000_250j/ \;        -fp k562 \;        -il 1024 \;        -ol 500 \;        -j 250 \;        # --skip_preprocessing;        # --save_data '/data/leslie/sarthak/data/chrombpnet_test/bias_data/';        #this is done if we want to skip the preprocessing and where to save the data, but saving data is when we train the full model not bias> in cluster <lila> Exited

Job <#!/bin/bash; # Source the bashrc file;source ~/.bashrc; # LSF directives;#BSUB -q gpuqueue;#BSUB -n 1;#BSUB -gpu "num=1";#BSUB -R "rusage[mem=32]";#BSUB -sla llSC2;#BSUB -W 5:00;#BSUB -o /data/leslie/sarthak/chrombpnet/jobs/%J.out;#BSUB -e /data/leslie/sarthak/chrombpnet/jobs/%J.err; # Activate your environment;source ~/mambaforge/etc/profile.d/mamba.sh  # Adjust this line to your environment activation command; mamba activate /data/leslie/sarthak/environments/chrombpnet; cd /data/leslie/sarthak/data/chrombpnet_test/; python /data/leslie/sarthak/chrombpnet/chrombpnet/CHROMBPNET.py bias pipeline \;        -ibam merged.bam \;        -d "ATAC" \;        -g hg38.fa \;        -c hg38.chrom.sizes \;        -p peaks_no_blacklist.bed \;        -n output_negatives.bed \;        -fl splits/fold_0.json \;        -b 0.5 \;        -o bias_model_1000_250j/ \;        -fp k562 \;        -il 1024 \;        -ol 500 \;        -j 250 \;        # --skip_preprocessing;        # --save_data '/data/leslie/sarthak/data/chrombpnet_test/bias_data/';        #this is done if we want to skip the preprocessing and where to save the data, but saving data is when we train the full model not bias> was submitted from host <lc09> by user <tiwaris2> in cluster <lila> at Tue Jun 18 16:38:19 2024
Job was executed on host(s) <lt15>, in queue <gpuqueue>, as user <tiwaris2> in cluster <lila> at Tue Jun 18 16:38:20 2024
</home/tiwaris2> was used as the home directory.
</data/leslie/sarthak/data/chrombpnet_test> was used as the working directory.
Started at Tue Jun 18 16:38:20 2024
Terminated at Tue Jun 18 16:39:43 2024
Results reported at Tue Jun 18 16:39:43 2024

Your job looked like:

------------------------------------------------------------
# LSBATCH: User input
#!/bin/bash

# Source the bashrc file
source ~/.bashrc

# LSF directives
#BSUB -q gpuqueue
#BSUB -n 1
#BSUB -gpu "num=1"
#BSUB -R "rusage[mem=32]"
#BSUB -sla llSC2
#BSUB -W 5:00
#BSUB -o /data/leslie/sarthak/chrombpnet/jobs/%J.out
#BSUB -e /data/leslie/sarthak/chrombpnet/jobs/%J.err

# Activate your environment
source ~/mambaforge/etc/profile.d/mamba.sh  # Adjust this line to your environment activation command

mamba activate /data/leslie/sarthak/environments/chrombpnet

cd /data/leslie/sarthak/data/chrombpnet_test/

python /data/leslie/sarthak/chrombpnet/chrombpnet/CHROMBPNET.py bias pipeline \
        -ibam merged.bam \
        -d "ATAC" \
        -g hg38.fa \
        -c hg38.chrom.sizes \
        -p peaks_no_blacklist.bed \
        -n output_negatives.bed \
        -fl splits/fold_0.json \
        -b 0.5 \
        -o bias_model_1000_250j/ \
        -fp k562 \
        -il 1024 \
        -ol 500 \
        -j 250 \
        # --skip_preprocessing
        # --save_data '/data/leslie/sarthak/data/chrombpnet_test/bias_data/'
        #this is done if we want to skip the preprocessing and where to save the data, but saving data is when we train the full model not bias

------------------------------------------------------------

TERM_OWNER: job killed by owner.
Exited with exit code 130.

Resource usage summary:

    CPU time :                                   64.00 sec.
    Max Memory :                                 -
    Average Memory :                             -
    Total Requested Memory :                     32.00 GB
    Delta Memory :                               -
    Max Swap :                                   -
    Max Processes :                              6
    Max Threads :                                17
    Run time :                                   83 sec.
    Turnaround time :                            84 sec.

The output (if any) follows:

preprocessing
Estimating enzyme shift in input file


PS:

Read file </data/leslie/sarthak/chrombpnet/jobs/7329621.err> for stderr output of this job.

