Traceback (most recent call last):
  File "/data/leslie/sarthak/chrombpnet/chrombpnet/CHROMBPNET.py", line 181, in <module>
    main()
  File "/data/leslie/sarthak/chrombpnet/chrombpnet/CHROMBPNET.py", line 40, in main
    pipelines.train_bias_pipeline(args)
  File "/data/leslie/sarthak/chrombpnet/chrombpnet/pipelines.py", line 307, in train_bias_pipeline
    import chrombpnet.helpers.preprocessing.reads_to_bigwig as reads_to_bigwig	
  File "/data/leslie/sarthak/chrombpnet/chrombpnet/helpers/preprocessing/reads_to_bigwig.py", line 8, in <module>
    import chrombpnet.helpers.preprocessing.auto_shift_detect as auto_shift_detect
  File "/data/leslie/sarthak/chrombpnet/chrombpnet/helpers/preprocessing/auto_shift_detect.py", line 11, in <module>
    from modisco.visualization import viz_sequence
  File "/data/leslie/sarthak/environments/chrombpnet/lib/python3.10/site-packages/modisco/__init__.py", line 2, in <module>
    from . import aggregator
  File "/data/leslie/sarthak/environments/chrombpnet/lib/python3.10/site-packages/modisco/aggregator.py", line 3, in <module>
    from . import affinitymat
  File "/data/leslie/sarthak/environments/chrombpnet/lib/python3.10/site-packages/modisco/affinitymat/__init__.py", line 2, in <module>
    from .core import *
  File "/data/leslie/sarthak/environments/chrombpnet/lib/python3.10/site-packages/modisco/affinitymat/core.py", line 3, in <module>
    from .. import util as modiscoutil
  File "/data/leslie/sarthak/environments/chrombpnet/lib/python3.10/site-packages/modisco/util.py", line 8, in <module>
    import scipy.sparse
  File "/data/leslie/sarthak/environments/chrombpnet/lib/python3.10/site-packages/scipy/sparse/__init__.py", line 308, in <module>
    from . import csgraph
  File "/data/leslie/sarthak/environments/chrombpnet/lib/python3.10/site-packages/scipy/sparse/csgraph/__init__.py", line 185, in <module>
    from ._laplacian import laplacian
  File "/data/leslie/sarthak/environments/chrombpnet/lib/python3.10/site-packages/scipy/sparse/csgraph/_laplacian.py", line 7, in <module>
    from scipy.sparse.linalg import LinearOperator
  File "/data/leslie/sarthak/environments/chrombpnet/lib/python3.10/site-packages/scipy/sparse/linalg/__init__.py", line 135, in <module>
    from ._norm import *
  File "<frozen importlib._bootstrap>", line 1027, in _find_and_load
  File "<frozen importlib._bootstrap>", line 1006, in _find_and_load_unlocked
  File "<frozen importlib._bootstrap>", line 688, in _load_unlocked
  File "<frozen importlib._bootstrap_external>", line 879, in exec_module
  File "<frozen importlib._bootstrap_external>", line 975, in get_code
  File "<frozen importlib._bootstrap_external>", line 1074, in get_data
KeyboardInterrupt
